<?xml version="1.0" encoding="UTF-8"?>
<robot generator="Robot 7.3.2 (Python 3.14.0 on win32)" generated="2025-12-06T22:40:05.184989" rpa="false" schemaversion="5">
<suite id="s1" name="Departamento" source="C:\Users\renat\OneDrive\Área de Trabalho\academy\Blacklist_academy\robot framework\blacklist T15 editar_departmento\tests\cliente\departamento.robot">
<test id="s1-t1" name="Cenario 01: Editar Departamento com Sucesso" line="12">
<kw name="Abrir Navegador" owner="common" type="SETUP">
<kw name="Open Browser" owner="SeleniumLibrary">
<msg time="2025-12-06T22:40:07.138625" level="INFO">Opening browser 'Firefox' to base url 'https://blacklist.qacoders.dev.br'.</msg>
<arg>${BASE_URL_UI}</arg>
<arg>Firefox</arg>
<doc>Opens a new browser instance to the optional ``url``.</doc>
<status status="PASS" start="2025-12-06T22:40:07.138344" elapsed="15.813340"/>
</kw>
<kw name="Maximize Browser Window" owner="SeleniumLibrary">
<doc>Maximizes current browser window.</doc>
<status status="PASS" start="2025-12-06T22:40:22.952250" elapsed="0.008427"/>
</kw>
<status status="PASS" start="2025-12-06T22:40:07.136261" elapsed="15.824665"/>
</kw>
<kw name="Realizar login" owner="login">
<kw name="Wait Until Element Is Visible" owner="SeleniumLibrary">
<arg>id:email</arg>
<arg>timeout=10s</arg>
<doc>Waits until the element ``locator`` is visible.</doc>
<status status="PASS" start="2025-12-06T22:40:22.962066" elapsed="1.325626"/>
</kw>
<kw name="Input Text" owner="SeleniumLibrary">
<msg time="2025-12-06T22:40:24.288642" level="INFO">Typing text 'blacklist@qa.com' into text field 'id:email'.</msg>
<arg>id:email</arg>
<arg>${FRONTEND_EMAIL}</arg>
<doc>Types the given ``text`` into the text field identified by ``locator``.</doc>
<status status="PASS" start="2025-12-06T22:40:24.288192" elapsed="0.128885"/>
</kw>
<kw name="Wait Until Element Is Visible" owner="SeleniumLibrary">
<arg>id:password</arg>
<arg>timeout=10s</arg>
<doc>Waits until the element ``locator`` is visible.</doc>
<status status="PASS" start="2025-12-06T22:40:24.417372" elapsed="0.013657"/>
</kw>
<kw name="Input Text" owner="SeleniumLibrary">
<msg time="2025-12-06T22:40:24.431784" level="INFO">Typing text '1234@Test' into text field 'id:password'.</msg>
<arg>id:password</arg>
<arg>${FRONTEND_PASSWORD}</arg>
<doc>Types the given ``text`` into the text field identified by ``locator``.</doc>
<status status="PASS" start="2025-12-06T22:40:24.431364" elapsed="0.054456"/>
</kw>
<kw name="Wait Until Element Is Visible" owner="SeleniumLibrary">
<arg>id:login</arg>
<arg>timeout=10s</arg>
<doc>Waits until the element ``locator`` is visible.</doc>
<status status="PASS" start="2025-12-06T22:40:24.486086" elapsed="0.013842"/>
</kw>
<kw name="Click Button" owner="SeleniumLibrary">
<msg time="2025-12-06T22:40:24.500530" level="INFO">Clicking button 'id:login'.</msg>
<arg>id:login</arg>
<doc>Clicks the button identified by ``locator``.</doc>
<status status="PASS" start="2025-12-06T22:40:24.500220" elapsed="0.263553"/>
</kw>
<status status="PASS" start="2025-12-06T22:40:22.961645" elapsed="1.802258"/>
</kw>
<kw name="Verificar Redirecionamento Para Home" owner="login">
<kw name="Wait Until Location Is" owner="SeleniumLibrary">
<arg>${BASE_URL_UI}/home</arg>
<arg>timeout=10s</arg>
<doc>Waits until the current URL is ``expected``.</doc>
<status status="PASS" start="2025-12-06T22:40:24.765584" elapsed="2.482265"/>
</kw>
<kw name="Location Should Be" owner="SeleniumLibrary">
<msg time="2025-12-06T22:40:27.250641" level="INFO">Current location is 'https://blacklist.qacoders.dev.br/home'.</msg>
<arg>${BASE_URL_UI}/home</arg>
<doc>Verifies that the current URL is exactly ``url``.</doc>
<status status="PASS" start="2025-12-06T22:40:27.248109" elapsed="0.002616"/>
</kw>
<status status="PASS" start="2025-12-06T22:40:24.764732" elapsed="2.486169"/>
</kw>
<kw name="Verificar Elemento Cadastros Visivel" owner="login">
<kw name="Wait Until Element Is Visible" owner="SeleniumLibrary">
<arg>id:Cadastros</arg>
<arg>timeout=10s</arg>
<doc>Waits until the element ``locator`` is visible.</doc>
<status status="PASS" start="2025-12-06T22:40:27.251704" elapsed="0.966115"/>
</kw>
<kw name="Element Text Should Be" owner="SeleniumLibrary">
<msg time="2025-12-06T22:40:28.218194" level="INFO">Verifying element 'id:Cadastros' contains exact text 'Cadastros'.</msg>
<arg>id:Cadastros</arg>
<arg>Cadastros</arg>
<doc>Verifies that element ``locator`` contains exact the text ``expected``.</doc>
<status status="PASS" start="2025-12-06T22:40:28.218002" elapsed="0.408932"/>
</kw>
<status status="PASS" start="2025-12-06T22:40:27.251349" elapsed="1.375734"/>
</kw>
<kw name="Acessar Pagina Departamento" owner="departamento">
<kw name="Click Element" owner="SeleniumLibrary">
<msg time="2025-12-06T22:40:28.628699" level="INFO">Clicking element 'id:Cadastros'.</msg>
<arg>id:Cadastros</arg>
<doc>Click the element identified by ``locator``.</doc>
<status status="PASS" start="2025-12-06T22:40:28.628280" elapsed="0.532467"/>
</kw>
<kw name="Wait Until Element Is Visible" owner="SeleniumLibrary">
<arg>id:Departamento</arg>
<arg>timeout=10s</arg>
<doc>Waits until the element ``locator`` is visible.</doc>
<status status="PASS" start="2025-12-06T22:40:29.161002" elapsed="0.013943"/>
</kw>
<kw name="Click Element" owner="SeleniumLibrary">
<msg time="2025-12-06T22:40:29.175403" level="INFO">Clicking element 'id:Departamento'.</msg>
<arg>id:Departamento</arg>
<doc>Click the element identified by ``locator``.</doc>
<status status="PASS" start="2025-12-06T22:40:29.175181" elapsed="0.233597"/>
</kw>
<kw name="Wait Until Location Is" owner="SeleniumLibrary">
<arg>${BASE_URL_UI}/department</arg>
<arg>timeout=10s</arg>
<doc>Waits until the current URL is ``expected``.</doc>
<status status="PASS" start="2025-12-06T22:40:29.409333" elapsed="1.231637"/>
</kw>
<kw name="Location Should Be" owner="SeleniumLibrary">
<msg time="2025-12-06T22:40:30.644477" level="INFO">Current location is 'https://blacklist.qacoders.dev.br/department'.</msg>
<arg>${BASE_URL_UI}/department</arg>
<doc>Verifies that the current URL is exactly ``url``.</doc>
<status status="PASS" start="2025-12-06T22:40:30.641247" elapsed="0.003324"/>
</kw>
<kw name="Wait Until Element Is Visible" owner="SeleniumLibrary">
<arg>xpath://h1[text()='Departamento']</arg>
<arg>timeout=10s</arg>
<doc>Waits until the element ``locator`` is visible.</doc>
<status status="PASS" start="2025-12-06T22:40:30.644728" elapsed="0.019132"/>
</kw>
<kw name="Element Text Should Be" owner="SeleniumLibrary">
<msg time="2025-12-06T22:40:30.664352" level="INFO">Verifying element 'xpath://h1[text()='Departamento']' contains exact text 'Departamento'.</msg>
<arg>xpath://h1[text()='Departamento']</arg>
<arg>Departamento</arg>
<doc>Verifies that element ``locator`` contains exact the text ``expected``.</doc>
<status status="PASS" start="2025-12-06T22:40:30.664120" elapsed="0.012762"/>
</kw>
<status status="PASS" start="2025-12-06T22:40:28.627656" elapsed="2.049347"/>
</kw>
<kw name="Editar Departamento" owner="departamento">
<kw name="Wait Until Element Is Visible" owner="SeleniumLibrary">
<arg>id=edit</arg>
<arg>timeout=10s</arg>
<doc>Waits until the element ``locator`` is visible.</doc>
<status status="PASS" start="2025-12-06T22:40:30.677866" elapsed="0.220152"/>
</kw>
<kw name="Click Button" owner="SeleniumLibrary">
<msg time="2025-12-06T22:40:30.898917" level="INFO">Clicking button 'id=edit'.</msg>
<arg>id=edit</arg>
<doc>Clicks the button identified by ``locator``.</doc>
<status status="PASS" start="2025-12-06T22:40:30.898523" elapsed="0.361141"/>
</kw>
<status status="PASS" start="2025-12-06T22:40:30.677505" elapsed="0.582532"/>
</kw>
<kw name="Alterar Nome Do Departamento" owner="departamento">
<kw name="Wait Until Element Is Visible" owner="SeleniumLibrary">
<arg>id:departmentName</arg>
<doc>Waits until the element ``locator`` is visible.</doc>
<status status="PASS" start="2025-12-06T22:40:31.261014" elapsed="0.012130"/>
</kw>
<kw name="Clear Element Text" owner="SeleniumLibrary">
<arg>id:departmentName</arg>
<doc>Clears the value of the text-input-element identified by ``locator``.</doc>
<status status="PASS" start="2025-12-06T22:40:31.273331" elapsed="0.025993"/>
</kw>
<kw name="Generate Random String" owner="String">
<msg time="2025-12-06T22:40:31.301459" level="INFO">${rand} = xtwQqpHBTg</msg>
<var>${rand}</var>
<arg>10</arg>
<arg>[LETTERS]</arg>
<doc>Generates a string with a desired ``length`` from the given ``chars``.</doc>
<status status="PASS" start="2025-12-06T22:40:31.299818" elapsed="0.001725"/>
</kw>
<kw name="Set Variable" owner="BuiltIn">
<msg time="2025-12-06T22:40:31.302483" level="INFO">${novo_nome} = Departamento xtwQqpHBTg</msg>
<var>${novo_nome}</var>
<arg>Departamento ${rand}</arg>
<doc>Returns the given values which can then be assigned to a variables.</doc>
<status status="PASS" start="2025-12-06T22:40:31.301881" elapsed="0.000656"/>
</kw>
<kw name="Set Test Variable" owner="BuiltIn">
<msg time="2025-12-06T22:40:31.305451" level="INFO">${NOVO_NOME_DEPARTAMENTO} = Departamento xtwQqpHBTg</msg>
<arg>${NOVO_NOME_DEPARTAMENTO}</arg>
<arg>${novo_nome}</arg>
<doc>Makes a variable available everywhere within the scope of the current test.</doc>
<status status="PASS" start="2025-12-06T22:40:31.302931" elapsed="0.002683"/>
</kw>
<kw name="Input Text" owner="SeleniumLibrary">
<msg time="2025-12-06T22:40:31.306443" level="INFO">Typing text 'Departamento xtwQqpHBTg' into text field 'id:departmentName'.</msg>
<arg>id:departmentName</arg>
<arg>${novo_nome}</arg>
<doc>Types the given ``text`` into the text field identified by ``locator``.</doc>
<status status="PASS" start="2025-12-06T22:40:31.305943" elapsed="0.080581"/>
</kw>
<kw name="Log To Console" owner="BuiltIn">
<arg>\nNovo Departamento gerado: ${novo_nome}</arg>
<doc>Logs the given message to the console.</doc>
<status status="PASS" start="2025-12-06T22:40:31.386975" elapsed="0.000717"/>
</kw>
<status status="PASS" start="2025-12-06T22:40:31.260733" elapsed="0.127140"/>
</kw>
<kw name="Alterar Centro De Custo" owner="departamento">
<kw name="Get List Items" owner="SeleniumLibrary">
<msg time="2025-12-06T22:40:31.782172" level="INFO">${opcoes} = ['Centro de Custo', 'repellat fuga', 'Financeiro', 'Marketing Yykkl', 'Financeiror', 'QEVDMAYT', 'Marketing SQD', 'Marketing mNFVd', 'Engenharia&amp;Fiscal', 'Compras&amp;Digital', 'CCdtejxyslq', 'CCgwfqvghnj...</msg>
<var>${opcoes}</var>
<arg>id:Centro de Custo</arg>
<doc>Returns all labels or values of selection list ``locator``.</doc>
<status status="PASS" start="2025-12-06T22:40:31.388959" elapsed="0.393388"/>
</kw>
<kw name="Get Length" owner="BuiltIn">
<msg time="2025-12-06T22:40:31.783766" level="INFO">Length is 31.</msg>
<msg time="2025-12-06T22:40:31.784090" level="INFO">${quantidade} = 31</msg>
<var>${quantidade}</var>
<arg>${opcoes}</arg>
<doc>Returns and logs the length of the given item as an integer.</doc>
<status status="PASS" start="2025-12-06T22:40:31.782969" elapsed="0.001220"/>
</kw>
<kw name="Remove From List" owner="Collections">
<arg>${opcoes}</arg>
<arg>0</arg>
<doc>Removes and returns the value specified with an ``index`` from ``list``.</doc>
<status status="PASS" start="2025-12-06T22:40:31.784780" elapsed="0.000565"/>
</kw>
<kw name="Evaluate" owner="BuiltIn">
<msg time="2025-12-06T22:40:31.791329" level="INFO">${index} = 0</msg>
<var>${index}</var>
<arg>__import__('random').randint(0, len(${opcoes})-1)</arg>
<doc>Evaluates the given expression in Python and returns the result.</doc>
<status status="PASS" start="2025-12-06T22:40:31.785918" elapsed="0.005476"/>
</kw>
<kw name="Set Variable" owner="BuiltIn">
<msg time="2025-12-06T22:40:31.792045" level="INFO">${opcao_escolhida} = repellat fuga</msg>
<var>${opcao_escolhida}</var>
<arg>${opcoes}[${index}]</arg>
<doc>Returns the given values which can then be assigned to a variables.</doc>
<status status="PASS" start="2025-12-06T22:40:31.791608" elapsed="0.000505"/>
</kw>
<kw name="Log To Console" owner="BuiltIn">
<arg>\nCentro de Custo selecionado: ${opcao_escolhida}</arg>
<doc>Logs the given message to the console.</doc>
<status status="PASS" start="2025-12-06T22:40:31.792276" elapsed="0.000591"/>
</kw>
<kw name="Select From List By Label" owner="SeleniumLibrary">
<msg time="2025-12-06T22:40:31.793403" level="INFO">Selecting options from selection list 'id:Centro de Custo' by label repellat fuga.</msg>
<arg>id:Centro de Custo</arg>
<arg>${opcao_escolhida}</arg>
<doc>Selects options from selection list ``locator`` by ``labels``.</doc>
<status status="PASS" start="2025-12-06T22:40:31.793098" elapsed="0.088958"/>
</kw>
<status status="PASS" start="2025-12-06T22:40:31.388290" elapsed="0.493868"/>
</kw>
<kw name="Salvar Edicao" owner="departamento">
<kw name="Wait Until Element Is Visible" owner="SeleniumLibrary">
<arg>xpath://button[text()='Salvar']</arg>
<arg>timeout=10s</arg>
<doc>Waits until the element ``locator`` is visible.</doc>
<status status="PASS" start="2025-12-06T22:40:31.882916" elapsed="0.013623"/>
</kw>
<kw name="Click Button" owner="SeleniumLibrary">
<msg time="2025-12-06T22:40:31.897516" level="INFO">Clicking button 'xpath://button[text()='Salvar']'.</msg>
<arg>xpath://button[text()='Salvar']</arg>
<doc>Clicks the button identified by ``locator``.</doc>
<status status="PASS" start="2025-12-06T22:40:31.897013" elapsed="0.268117"/>
</kw>
<status status="PASS" start="2025-12-06T22:40:31.882598" elapsed="0.282723"/>
</kw>
<kw name="Fechar Navegador" owner="common" type="TEARDOWN">
<kw name="Close Browser" owner="SeleniumLibrary">
<doc>Closes the current browser.</doc>
<status status="PASS" start="2025-12-06T22:40:32.168553" elapsed="3.044120"/>
</kw>
<status status="PASS" start="2025-12-06T22:40:32.168068" elapsed="3.044736"/>
</kw>
<doc>Realiza login, navega até Departamento e edita um departamento</doc>
<status status="PASS" start="2025-12-06T22:40:07.135280" elapsed="28.077796"/>
</test>
<status status="PASS" start="2025-12-06T22:40:05.186745" elapsed="30.028368"/>
</suite>
<statistics>
<total>
<stat pass="1" fail="0" skip="0">All Tests</stat>
</total>
<tag>
</tag>
<suite>
<stat name="Departamento" id="s1" pass="1" fail="0" skip="0">Departamento</stat>
</suite>
</statistics>
<errors>
</errors>
</robot>
